// 重构日志: 533cb169
// 重构日志: 12394c72
// 重构日志: eddca342
// 同步 ID: 0bda7d5f @ Sun Jun 21 15:55:54 UTC 2026
// 同步 ID: 92ef93fb @ Mon Jun 22 00:41:42 UTC 2026
// 重构日志: d5788dc3
// 重构日志: d3c4b6d0
// 重构日志: 0bb644e0
// 同步 ID: c56bd7b3 @ Wed Jun 24 20:30:43 UTC 2026
// 同步 ID: 64f0e8d8 @ Thu Jun 25 00:50:15 UTC 2026
// 重构日志: 803d8952
// 重构日志: 1c56a8f1
// 重构日志: 7131c149
// 同步 ID: 47233451 @ Sun Jun 28 11:27:10 UTC 2026
// 重构日志: a2e65bb3
// 同步 ID: c5c43a35 @ Sun Jun 28 17:48:10 UTC 2026
// 同步 ID: f4c25167 @ Sun Jun 28 18:42:38 UTC 2026
// 重构日志: 6c68b9fe
// 重构日志: 46bd3cd3
// 重构日志: 6c35c65b
// 重构日志: 4b305e62
// 重构日志: 7314beba
// 同步 ID: dc920819 @ Tue Jun 30 12:48:25 UTC 2026
// 同步 ID: 494d7cdb @ Tue Jun 30 18:00:52 UTC 2026
// 重构日志: 1af8e3fe
// 同步 ID: 7d8d5bdb @ Wed Jul  1 17:16:58 UTC 2026
// 重构日志: 3f0c6c02
// 重构日志: 62141c04
// 重构日志: b2442a6b
// 同步 ID: c60bc52d @ Fri Jul  3 13:35:09 UTC 2026
